[15-Aug-2024 04:02:03 UTC] PHP Warning:  PHP Startup: Unable to load dynamic library 'php_imagick.dll' (tried: C:/Users/rjayc/AppData/Roaming/Local/lightning-services/php-8.1.29+0/bin/win64/ext\php_imagick.dll (The specified module could not be found), C:/Users/rjayc/AppData/Roaming/Local/lightning-services/php-8.1.29+0/bin/win64/ext\php_php_imagick.dll.dll (The specified module could not be found)) in Unknown on line 0
[15-Aug-2024 04:07:20 UTC] PHP Warning:  PHP Startup: Unable to load dynamic library 'php_imagick.dll' (tried: C:/Users/rjayc/AppData/Roaming/Local/lightning-services/php-8.1.29+0/bin/win64/ext\php_imagick.dll (The specified module could not be found), C:/Users/rjayc/AppData/Roaming/Local/lightning-services/php-8.1.29+0/bin/win64/ext\php_php_imagick.dll.dll (The specified module could not be found)) in Unknown on line 0
[15-Aug-2024 17:24:53 UTC] PHP Warning:  PHP Startup: Unable to load dynamic library 'php_imagick.dll' (tried: C:/Users/rjayc/AppData/Roaming/Local/lightning-services/php-8.1.29+0/bin/win64/ext\php_imagick.dll (The specified module could not be found), C:/Users/rjayc/AppData/Roaming/Local/lightning-services/php-8.1.29+0/bin/win64/ext\php_php_imagick.dll.dll (The specified module could not be found)) in Unknown on line 0
[15-Aug-2024 17:34:47 UTC] PHP Warning:  PHP Startup: Unable to load dynamic library 'php_imagick.dll' (tried: C:/Users/rjayc/AppData/Roaming/Local/lightning-services/php-8.1.29+0/bin/win64/ext\php_imagick.dll (The specified module could not be found), C:/Users/rjayc/AppData/Roaming/Local/lightning-services/php-8.1.29+0/bin/win64/ext\php_php_imagick.dll.dll (The specified module could not be found)) in Unknown on line 0
[21-Aug-2024 05:01:24 UTC] PHP Warning:  PHP Startup: Unable to load dynamic library 'php_imagick.dll' (tried: C:/Users/rjayc/AppData/Roaming/Local/lightning-services/php-8.1.29+0/bin/win64/ext\php_imagick.dll (The specified module could not be found), C:/Users/rjayc/AppData/Roaming/Local/lightning-services/php-8.1.29+0/bin/win64/ext\php_php_imagick.dll.dll (The specified module could not be found)) in Unknown on line 0
[21-Aug-2024 05:24:36 UTC] PHP Warning:  PHP Startup: Unable to load dynamic library 'php_imagick.dll' (tried: C:/Users/rjayc/AppData/Roaming/Local/lightning-services/php-8.1.29+0/bin/win64/ext\php_imagick.dll (The specified module could not be found), C:/Users/rjayc/AppData/Roaming/Local/lightning-services/php-8.1.29+0/bin/win64/ext\php_php_imagick.dll.dll (The specified module could not be found)) in Unknown on line 0
[24-Aug-2024 09:36:35 UTC] PHP Warning:  PHP Startup: Unable to load dynamic library 'php_imagick.dll' (tried: C:/Users/rjayc/AppData/Roaming/Local/lightning-services/php-8.1.29+0/bin/win64/ext\php_imagick.dll (The specified module could not be found), C:/Users/rjayc/AppData/Roaming/Local/lightning-services/php-8.1.29+0/bin/win64/ext\php_php_imagick.dll.dll (The specified module could not be found)) in Unknown on line 0
[24-Aug-2024 09:42:49 UTC] PHP Warning:  Undefined array key 3 in C:\Users\rjayc\Local Sites\fictional-university\app\public\wp-content\themes\fictional-university-theme\index.php on line 5
[24-Aug-2024 09:43:05 UTC] PHP Parse error:  syntax error, unexpected single-quoted string "Meowsalot", expecting ")" in C:\Users\rjayc\Local Sites\fictional-university\app\public\wp-content\themes\fictional-university-theme\index.php on line 2
[24-Aug-2024 09:52:30 UTC] PHP Warning:  PHP Startup: Unable to load dynamic library 'php_imagick.dll' (tried: C:/Users/rjayc/AppData/Roaming/Local/lightning-services/php-8.1.29+0/bin/win64/ext\php_imagick.dll (The specified module could not be found), C:/Users/rjayc/AppData/Roaming/Local/lightning-services/php-8.1.29+0/bin/win64/ext\php_php_imagick.dll.dll (The specified module could not be found)) in Unknown on line 0
[24-Aug-2024 09:52:55 UTC] PHP Warning:  PHP Startup: Unable to load dynamic library 'php_imagick.dll' (tried: C:/Users/rjayc/AppData/Roaming/Local/lightning-services/php-8.1.29+0/bin/win64/ext\php_imagick.dll (The specified module could not be found), C:/Users/rjayc/AppData/Roaming/Local/lightning-services/php-8.1.29+0/bin/win64/ext\php_php_imagick.dll.dll (The specified module could not be found)) in Unknown on line 0
[24-Aug-2024 09:52:55 UTC] PHP Warning:  PHP Startup: Unable to load dynamic library 'php_imagick.dll' (tried: C:/Users/rjayc/AppData/Roaming/Local/lightning-services/php-8.1.29+0/bin/win64/ext\php_imagick.dll (The specified module could not be found), C:/Users/rjayc/AppData/Roaming/Local/lightning-services/php-8.1.29+0/bin/win64/ext\php_php_imagick.dll.dll (The specified module could not be found)) in Unknown on line 0
[24-Aug-2024 09:52:56 UTC] PHP Warning:  PHP Startup: Unable to load dynamic library 'php_imagick.dll' (tried: C:/Users/rjayc/AppData/Roaming/Local/lightning-services/php-8.1.29+0/bin/win64/ext\php_imagick.dll (The specified module could not be found), C:/Users/rjayc/AppData/Roaming/Local/lightning-services/php-8.1.29+0/bin/win64/ext\php_php_imagick.dll.dll (The specified module could not be found)) in Unknown on line 0
[24-Aug-2024 11:47:28 UTC] PHP Fatal error:  Uncaught ArgumentCountError: Too few arguments to function add_action(), 0 passed in C:\Users\rjayc\Local Sites\fictional-university\app\public\wp-content\themes\fictional-university-theme\functions.php on line 3 and at least 2 expected in C:\Users\rjayc\Local Sites\fictional-university\app\public\wp-includes\plugin.php:441
Stack trace:
#0 C:\Users\rjayc\Local Sites\fictional-university\app\public\wp-content\themes\fictional-university-theme\functions.php(3): add_action()
#1 C:\Users\rjayc\Local Sites\fictional-university\app\public\wp-settings.php(668): include('C:\\Users\\rjayc\\...')
#2 C:\Users\rjayc\Local Sites\fictional-university\app\public\wp-config.php(103): require_once('C:\\Users\\rjayc\\...')
#3 C:\Users\rjayc\Local Sites\fictional-university\app\public\wp-load.php(50): require_once('C:\\Users\\rjayc\\...')
#4 C:\Users\rjayc\Local Sites\fictional-university\app\public\wp-admin\admin-ajax.php(22): require_once('C:\\Users\\rjayc\\...')
#5 {main}
  thrown in C:\Users\rjayc\Local Sites\fictional-university\app\public\wp-includes\plugin.php on line 441
